(TOP (S_VP (VB list) (NP (NP (NP_PRIME (NP (DT the) (NNS flights)) (PP (IN from) (NP_NNP baltimore))) (PP (TO to) (NP_NNP seattle))) (SBAR (WHNP_WDT that) (S_VP (VBP stop) (PP (IN in) (NP_NNP minneapolis)))))) (PUNC .))
(TOP (S (NP_PRP i) (VP (VBP need) (S_VP (TO to) (VP (VP_PRIME (VB arrive) (PP (IN at) (NP_NNP charlotte))) (PP (IN at) (NP (QP (RB around) (CD five)) (RB p.m))))))) (PUNC .))
(TOP (SBARQ (WHNP_WP what) (SQ (VBP are) (NP (NP_PRIME (NP (DT the) (NNS flights)) (PP (IN from) (NP_NNP milwaukee))) (PP (TO to) (NP_NNP tampa))))) (PUNC ?))
(TOP (FRAG (X (WP what) (IN about)) (PP (IN in) (NP_NNP indianapolis))) (PUNC ?))
(TOP (S (NP_PRP i) (VP (MD would) (VP (VB like) (S_VP (TO to) (VP (VP_PRIME (VB travel) (PP (IN from) (NP_NNP indianapolis))) (PP (TO to) (NP_NNP houston))))))) (PUNC .))

(TOP (S_VP (VB list) (NP (NP (NNP american) (NNS airlines)) (NP (NP_NNS flights) (PP (IN from) (NP (NP_PRIME (NP_PRIME (NNP new) (NNP york)) (NNP newark)) (PP (TO to) (NP_NNP nashville))))))) (PUNC .))
(TOP (SBARQ (WHNP_WHNP (WDT what) (NNS flights)) (SQ (SQ_PRIME (SQ_PRIME (SQ_PRIME (VBP are) (NP_NP_EX there)) (PP (IN from) (NP_NNP nashville))) (PP (TO to) (NP_NNP houston))) (NP (NP (NN tomorrow) (NN evening)) (SBAR (WHNP_WDT that) (S_VP (VBP serve) (NP_NN dinner)))))) (PUNC ?))
(TOP (S (NP_PRP i) (VP (MD 'd) (VP (VB like) (S_VP (TO to) (VP (VB fly) (NP (JJ next) (NNP friday))))))) (PUNC .))
(TOP (SBARQ (WHNP (WHNP_WDT which) (PP (IN of) (NP_DT those))) (SQ_VP (VBP are) (ADJP_JJ nonstop))) (PUNC ?))
(TOP (S (NP_PRP i) (VP (VBP want) (NP (NP_PRIME (NP (DT a) (NN flight)) (PP (IN from) (NP_NNP ontario))) (PP (TO to) (NP_NNP chicago))))) (PUNC .))
(TOP (FRAG (X (WP what) (IN about)) (NP (NNP monday) (NN afternoon))) (PUNC ?))
(TOP (S_VP (S_VP_PRIME (VB show) (NP_PRP me)) (NP (NP (DT the) (NN dinner)) (NP (NP_PRIME (NP_NNS flights) (PP (IN from) (NP_NNP baltimore))) (PP (TO to) (NP_NNP oakland))))) (PUNC .))
(TOP (SBARQ (WHNP (WHNP_WDT which) (PP (IN of) (NP_DT these))) (SQ_VP (VBP are) (NP (NN dinner) (NNS flights)))) (PUNC ?))
(TOP (SBARQ (WHNP_WHNP (WHADJP (WRB how) (JJ many)) (NNS fares)) (SQ (SQ_PRIME (VBP are) (NP_NP_EX there)) (NP (NP_PRIME (NP (CD one) (NN way)) (PP (IN from) (NP_NNP tacoma))) (PP (TO to) (NP_NNP montreal))))) (PUNC ?))
(TOP (S_VP (S_VP_PRIME (VB show) (NP_PRP me)) (NP (NP (NP_PRIME (DT the) (JJ first)) (NN flight)) (SBAR (WHNP_WDT that) (S_VP (VBZ arrives) (PP (PP (IN in) (NP_NNP toronto)) (PP (IN from) (NP_NNP cincinnati))))))) (PUNC .))
(TOP (SQ (VBZ is) (NP (NP_PRIME (NP_PRIME (NP_PRIME (NP_PRIME (NNP united) (NNP airlines)) (NN flight)) (CD four)) (CD thirty)) (NP (NP_PRIME (DT a) (JJ nonstop)) (NN flight)))) (PUNC ?))
(TOP (S_VP (S_VP_PRIME (VB show) (NP_PRP me)) (NP (NP_PRIME (DT the) (JJ nonstop)) (NP (NP_PRIME (NP (JJ nonstop) (NNS flights)) (PP (IN from) (NP_NNP nashville))) (PP (TO to) (NP (NNP saint) (NNP louis)))))) (PUNC .))
(TOP (SBARQ (WHNP_WHNP (WDT what) (NNS flights)) (SQ (SQ_PRIME (SQ_PRIME (VBP are) (NP_NP_EX there)) (PP (IN from) (NP_NNP phoenix))) (PP (TO to) (NP_NNP milwaukee)))) (PUNC ?))
(TOP (SBARQ (WHNP (WDT what) (NNS flights)) (SQ_VP (SQ_VP_PRIME (VBP leave) (PP (IN from) (NP_NNP nashville))) (PP (TO to) (NP_NNP phoenix)))) (PUNC ?))
(TOP (SBARQ (WHNP_WHNP (WDT what) (NNS flights)) (SQ (SQ_PRIME (SQ_PRIME (VBP are) (NP_NP_EX there)) (PP (IN from) (NP_NNP charlotte))) (PP (TO to) (NP_NNP baltimore)))) (PUNC ?))
(TOP (SBARQ (WHNP_WHNP (WDT what) (NNS flights)) (SQ (SQ_PRIME (VBP are) (NP_NP_EX there)) (PP (IN from) (NP (NP_PRIME (NP_PRIME (NNP new) (NNP york)) (NNP city)) (PP (TO to) (NP (NNP las) (NNP vegas))))))) (PUNC ?))
(TOP (FRAG_VP (VBG arriving) (PP (IN before) (NP (CD four) (RB p.m)))) (PUNC .))
(TOP (FRAG_NP (NP_NNS flights) (PP (PP (IN from) (NP_NNP newark)) (PP (PP (TO to) (NP_NNP tampa)) (PP (PP (IN on) (NP_NNP friday)) (PP (IN on) (NP (NP_PRIME (NNP u) (NNP s)) (NNP air))))))) (PUNC .))
(TOP (S_VP (VB show) (NP (NP_PRIME (NP (NN afternoon) (NNS flights)) (PP (IN from) (NP_NNP houston))) (PP (TO to) (NP_NNP dallas)))) (PUNC .))
(TOP (S_VP (S_VP_PRIME (VB show) (NP_PRP me)) (NP (NP_PRIME (NP_NNS flights) (VP (VBG arriving) (PP (IN within) (NP (CD thirty) (NNS minutes))))) (PP (IN of) (NP (DT each) (JJ other))))) (PUNC .))
(TOP (FRAG (NP_NNP monday) (PP (IN around) (NP_NN noon))) (PUNC .))
(TOP (FRAG_NP (NP_NNS flights) (PP (IN after) (NP (NP_PRIME (CD twelve) (CD hundred)) (NNS hours)))) (PUNC .))
(TOP (FRAG_NP (NNP friday) (NN night)) (PUNC .))
(TOP (FRAG (PP (IN from) (NP_NNP atlanta)) (PP (TO to) (NP (NP_NNP washington) (NP (NNP d) (NNP c))))) (PUNC .))
(TOP (FRAG_WHNP (FRAG_WHNP_PRIME (WHNP (WDT what) (NNS flights)) (PP (IN from) (NP (NNP las) (NNP vegas)))) (PP (TO to) (NP (NNP san) (NNP diego)))) (PUNC .))
(TOP (FRAG_WHNP (FRAG_WHNP_PRIME (FRAG_WHNP_PRIME (FRAG_WHNP_PRIME (WHNP (WDT what) (NNS flights)) (PP (IN from) (NP_NNP houston))) (PP (TO to) (NP_NNP milwaukee))) (PP (IN on) (NP_NNP friday))) (PP (IN on) (NP (NNP american) (NNS airlines)))) (PUNC .))
(TOP (SBARQ (WHNP_WP what) (SQ (VBZ is) (NP (DT the) (NN price)))) (PUNC ?))
(TOP (FRAG_WHNP (FRAG_WHNP_PRIME (FRAG_WHNP_PRIME (WHNP (WDT what) (NNS flights)) (PP (IN from) (NP (NNP las) (NNP vegas)))) (PP (TO to) (NP_NNP phoenix))) (PP (IN on) (NP_NNP saturday))) (PUNC .))
(TOP (FRAG (WHNP (WDT what) (NNS restrictions)) (PP (IN on) (NP (NP_PRIME (NN fare) (NN code)) (SYM q)))) (PUNC .))
(TOP (SBARQ (WHNP_WP what) (SQ (VBZ is) (NP (DT the) (NN price)))) (PUNC ?))
(TOP (FRAG_NP (FRAG_NP_PRIME (NP_NNS flights) (PP (IN from) (NP (NP_PRIME (NP (NNP kansas) (NNP city)) (PP (TO to) (NP_NNP cleveland))) (PP (IN on) (NP_NNP wednesday))))) (PP (IN before) (NP (CD five) (RB p.m)))) (PUNC .))
(TOP (FRAG (FRAG_PRIME (NP_NN flight) (PP (IN from) (NP_NNP cleveland))) (PP (TO to) (NP_NNP nashville))) (PUNC .))
(TOP (FRAG_NP (FRAG_NP_PRIME (NP_NNS flights) (PP (IN from) (NP_NNP ontario))) (PP (TO to) (NP_NNP orlando))) (PUNC .))
(TOP (FRAG_NP (FRAG_NP_PRIME (NP (JJS cheapest) (NN flight)) (PP (IN from) (NP_NNP miami))) (PP (TO to) (NP_NNP indianapolis))) (PUNC .))


(TOP (S_VP (VB return) (NP (NN flight) (NN number))) (PUNC .))
(TOP (S_VP (VB show) (NP (NP_PRIME (NN business) (NN class)) (NNS fares))) (PUNC .))
(TOP (FRAG_NP (JJS cheapest) (NN fare)) (PUNC .))
(TOP (FRAG_NP (FRAG_NP_PRIME (NN ground) (NN transportation)) (PP (IN in) (NP (NNP las) (NNP vegas)))) (PUNC .))
(TOP (S_VP (VB return) (NP (NN flight) (NNS numbers))) (PUNC .))

(TOP (FRAG_NP (FRAG_NP_PRIME (NP_NNP newark) (PP (TO to) (NP_NNP cleveland))) (ADVP_RB daily)) (PUNC .))
(TOP (FRAG_NP (NP_NNS flights) (PP (PP_PRIME (PP (IN from) (NP (NNP la) (NNP guardia))) (CC or)) (NP (NP_PRIME (NP_PRIME (NNP j) (NNP f)) (NNP k)) (PP (TO to) (NP_NNP cleveland))))) (PUNC .))
(TOP (FRAG_NP (FRAG_NP_PRIME (NP (DT all) (NNS flights)) (PP (IN from) (NP_NNP montreal))) (NP (QP (QP_PRIME (QP_PRIME (QP_PRIME (RBR less) (IN than)) (CD one)) (CD hundred)) (CD fifty)) (NNS dollars))) (PUNC .))
(TOP (S_VP (S_VP_PRIME (VB show) (NP_PRP me)) (NP (NP (DT all) (NNS flights)) (SBAR (WHNP_WDT that) (S_VP (VBP depart) (PP (IN before) (NP (NP_PRIME (NP (CD ten) (RB a.m)) (CC and)) (VP (VBP have) (NP (JJ first) (NN class))))))))) (PUNC .))
(TOP (S_VP (S_VP_PRIME (VB show) (NP_PRP me)) (NP (DT the) (NNS fares))) (PUNC .))
(TOP (S_VP (S_VP_PRIME (VB show) (NP_PRP me)) (NP (NP (DT the) (NNS meals)) (PP (IN on) (NP (NNP southwest) (NNS airlines))))) (PUNC .))

